<?xml version="1.0" encoding="UTF-8"?>
<!-- Generated by org.testng.reporters.JUnitReportReporter -->
<testsuite hostname="Asus_KJP" failures="0" tests="1" name="Campaign.CreateCampaignsTest" time="73.182" errors="0" timestamp="2024-10-27T14:24:35 PDT" skipped="0">
  <testcase classname="Campaign.CreateCampaignsTest" name="createCampaignsTest" time="73.182"/>
</testsuite> <!-- Campaign.CreateCampaignsTest -->
