<?xml version="1.0" encoding="UTF-8"?>
<!-- Generated by org.testng.reporters.JUnitReportReporter -->
<testsuite hostname="Asus_KJP" failures="0" tests="3" name="TestNG.DataProvider1" time="0.011" errors="0" timestamp="2024-10-24T23:09:05 PDT" skipped="0">
  <testcase classname="TestNG.DataProvider1" name="bookTickets" time="0.001"/>
  <testcase classname="TestNG.DataProvider1" name="bookTickets" time="0.009"/>
  <testcase classname="TestNG.DataProvider1" name="bookTickets" time="0.001"/>
</testsuite> <!-- TestNG.DataProvider1 -->
